2023-12-21 14:05:56.071 [info] Log level: Info
2023-12-21 14:05:56.071 [info] Validating found git in: "git"
2023-12-21 14:05:56.071 [info] Using git "2.34.1" from "git"
2023-12-21 14:05:56.071 [info] > git rev-parse --show-toplevel [2ms]
2023-12-21 14:05:56.071 [info] > git rev-parse --git-dir --git-common-dir [19ms]
2023-12-21 14:05:56.071 [info] Open repository: /home/dew
2023-12-21 14:05:56.071 [info] > git rev-parse --show-toplevel [3ms]
2023-12-21 14:05:56.071 [info] > git config --get commit.template [6ms]
2023-12-21 14:05:56.077 [info] > git rev-parse --show-toplevel [3ms]
2023-12-21 14:05:56.080 [info] > git for-each-ref --format=%(refname)%00%(upstream:short)%00%(objectname)%00%(upstream:track)%00%(upstream:remotename)%00%(upstream:remoteref) refs/heads/main refs/remotes/main [4ms]
2023-12-21 14:05:56.114 [info] > git status -z -uall [30ms]
2023-12-21 14:05:56.125 [info] > git config --get commit.template [4ms]
2023-12-21 14:05:56.125 [info] > git for-each-ref --format=%(refname)%00%(upstream:short)%00%(objectname)%00%(upstream:track)%00%(upstream:remotename)%00%(upstream:remoteref) refs/heads/main refs/remotes/main [1ms]
2023-12-21 14:05:56.163 [info] > git status -z -uall [35ms]
2023-12-21 14:05:56.587 [info] > git check-ignore -v -z --stdin [3ms]
2023-12-21 14:05:56.798 [info] > git fetch [740ms]
2023-12-21 14:05:56.798 [info] Missing or invalid credentials.
Skip silent fetch commands
git@github.com: Permission denied (publickey).
fatal: Could not read from remote repository.

Please make sure you have the correct access rights
and the repository exists.
2023-12-21 14:05:56.803 [info] > git config --get commit.template [1ms]
2023-12-21 14:05:56.807 [info] > git for-each-ref --format=%(refname)%00%(upstream:short)%00%(objectname)%00%(upstream:track)%00%(upstream:remotename)%00%(upstream:remoteref) refs/heads/main refs/remotes/main [1ms]
2023-12-21 14:05:56.836 [info] > git status -z -uall [26ms]
2023-12-21 14:06:07.955 [info] > git config --get commit.template [1ms]
2023-12-21 14:06:07.959 [info] > git for-each-ref --format=%(refname)%00%(upstream:short)%00%(objectname)%00%(upstream:track)%00%(upstream:remotename)%00%(upstream:remoteref) refs/heads/main refs/remotes/main [0ms]
2023-12-21 14:06:07.994 [info] > git status -z -uall [32ms]
2023-12-21 14:06:13.011 [info] > git config --get commit.template [1ms]
2023-12-21 14:06:13.018 [info] > git for-each-ref --format=%(refname)%00%(upstream:short)%00%(objectname)%00%(upstream:track)%00%(upstream:remotename)%00%(upstream:remoteref) refs/heads/main refs/remotes/main [2ms]
2023-12-21 14:06:13.060 [info] > git status -z -uall [38ms]
2023-12-21 14:06:18.069 [info] > git config --get commit.template [1ms]
2023-12-21 14:06:18.072 [info] > git for-each-ref --format=%(refname)%00%(upstream:short)%00%(objectname)%00%(upstream:track)%00%(upstream:remotename)%00%(upstream:remoteref) refs/heads/main refs/remotes/main [1ms]
2023-12-21 14:06:18.110 [info] > git status -z -uall [35ms]
2023-12-21 14:06:23.123 [info] > git config --get commit.template [1ms]
2023-12-21 14:06:23.128 [info] > git for-each-ref --format=%(refname)%00%(upstream:short)%00%(objectname)%00%(upstream:track)%00%(upstream:remotename)%00%(upstream:remoteref) refs/heads/main refs/remotes/main [1ms]
2023-12-21 14:06:23.158 [info] > git status -z -uall [27ms]
2023-12-21 14:06:28.178 [info] > git config --get commit.template [1ms]
2023-12-21 14:06:28.183 [info] > git for-each-ref --format=%(refname)%00%(upstream:short)%00%(objectname)%00%(upstream:track)%00%(upstream:remotename)%00%(upstream:remoteref) refs/heads/main refs/remotes/main [1ms]
2023-12-21 14:06:28.216 [info] > git status -z -uall [29ms]
2023-12-21 14:06:33.229 [info] > git config --get commit.template [0ms]
2023-12-21 14:06:33.232 [info] > git for-each-ref --format=%(refname)%00%(upstream:short)%00%(objectname)%00%(upstream:track)%00%(upstream:remotename)%00%(upstream:remoteref) refs/heads/main refs/remotes/main [0ms]
2023-12-21 14:06:33.262 [info] > git status -z -uall [27ms]
2023-12-21 14:06:38.275 [info] > git config --get commit.template [1ms]
2023-12-21 14:06:38.281 [info] > git for-each-ref --format=%(refname)%00%(upstream:short)%00%(objectname)%00%(upstream:track)%00%(upstream:remotename)%00%(upstream:remoteref) refs/heads/main refs/remotes/main [1ms]
2023-12-21 14:06:38.314 [info] > git status -z -uall [30ms]
2023-12-21 14:06:43.329 [info] > git config --get commit.template [1ms]
2023-12-21 14:06:43.333 [info] > git for-each-ref --format=%(refname)%00%(upstream:short)%00%(objectname)%00%(upstream:track)%00%(upstream:remotename)%00%(upstream:remoteref) refs/heads/main refs/remotes/main [1ms]
2023-12-21 14:06:43.363 [info] > git status -z -uall [27ms]
2023-12-21 14:06:48.372 [info] > git config --get commit.template [1ms]
2023-12-21 14:06:48.377 [info] > git for-each-ref --format=%(refname)%00%(upstream:short)%00%(objectname)%00%(upstream:track)%00%(upstream:remotename)%00%(upstream:remoteref) refs/heads/main refs/remotes/main [1ms]
2023-12-21 14:06:48.411 [info] > git status -z -uall [31ms]
2023-12-21 14:06:53.424 [info] > git config --get commit.template [2ms]
2023-12-21 14:06:53.429 [info] > git for-each-ref --format=%(refname)%00%(upstream:short)%00%(objectname)%00%(upstream:track)%00%(upstream:remotename)%00%(upstream:remoteref) refs/heads/main refs/remotes/main [2ms]
2023-12-21 14:06:53.466 [info] > git status -z -uall [34ms]
2023-12-21 14:06:58.480 [info] > git config --get commit.template [2ms]
2023-12-21 14:06:58.483 [info] > git for-each-ref --format=%(refname)%00%(upstream:short)%00%(objectname)%00%(upstream:track)%00%(upstream:remotename)%00%(upstream:remoteref) refs/heads/main refs/remotes/main [1ms]
2023-12-21 14:06:58.514 [info] > git status -z -uall [27ms]
2023-12-21 14:07:03.526 [info] > git config --get commit.template [1ms]
2023-12-21 14:07:03.530 [info] > git for-each-ref --format=%(refname)%00%(upstream:short)%00%(objectname)%00%(upstream:track)%00%(upstream:remotename)%00%(upstream:remoteref) refs/heads/main refs/remotes/main [0ms]
2023-12-21 14:07:03.559 [info] > git status -z -uall [26ms]
2023-12-21 14:07:08.571 [info] > git config --get commit.template [1ms]
2023-12-21 14:07:08.576 [info] > git for-each-ref --format=%(refname)%00%(upstream:short)%00%(objectname)%00%(upstream:track)%00%(upstream:remotename)%00%(upstream:remoteref) refs/heads/main refs/remotes/main [1ms]
2023-12-21 14:07:08.610 [info] > git status -z -uall [29ms]
2023-12-21 14:07:13.621 [info] > git config --get commit.template [1ms]
2023-12-21 14:07:13.625 [info] > git for-each-ref --format=%(refname)%00%(upstream:short)%00%(objectname)%00%(upstream:track)%00%(upstream:remotename)%00%(upstream:remoteref) refs/heads/main refs/remotes/main [1ms]
2023-12-21 14:07:13.654 [info] > git status -z -uall [26ms]
2023-12-21 14:07:18.670 [info] > git config --get commit.template [1ms]
2023-12-21 14:07:18.674 [info] > git for-each-ref --format=%(refname)%00%(upstream:short)%00%(objectname)%00%(upstream:track)%00%(upstream:remotename)%00%(upstream:remoteref) refs/heads/main refs/remotes/main [1ms]
2023-12-21 14:07:18.704 [info] > git status -z -uall [27ms]
2023-12-21 14:07:23.725 [info] > git config --get commit.template [6ms]
2023-12-21 14:07:23.726 [info] > git for-each-ref --format=%(refname)%00%(upstream:short)%00%(objectname)%00%(upstream:track)%00%(upstream:remotename)%00%(upstream:remoteref) refs/heads/main refs/remotes/main [0ms]
2023-12-21 14:07:23.755 [info] > git status -z -uall [26ms]
2023-12-21 14:07:28.765 [info] > git config --get commit.template [1ms]
2023-12-21 14:07:28.768 [info] > git for-each-ref --format=%(refname)%00%(upstream:short)%00%(objectname)%00%(upstream:track)%00%(upstream:remotename)%00%(upstream:remoteref) refs/heads/main refs/remotes/main [0ms]
2023-12-21 14:07:28.798 [info] > git status -z -uall [27ms]
2023-12-21 14:07:33.813 [info] > git config --get commit.template [1ms]
2023-12-21 14:07:33.817 [info] > git for-each-ref --format=%(refname)%00%(upstream:short)%00%(objectname)%00%(upstream:track)%00%(upstream:remotename)%00%(upstream:remoteref) refs/heads/main refs/remotes/main [1ms]
2023-12-21 14:07:33.851 [info] > git status -z -uall [30ms]
2023-12-21 14:07:35.888 [info] > git show --textconv :FSDI_111/README.md [12ms]
2023-12-21 14:07:35.888 [info] > git ls-files --stage -- /home/dew/FSDI_111/README.md [9ms]
2023-12-21 14:07:35.893 [info] > git cat-file -s e69de29bb2d1d6434b8b29ae775ad8c2e48c5391 [2ms]
2023-12-21 14:07:38.861 [info] > git config --get commit.template [1ms]
2023-12-21 14:07:38.865 [info] > git for-each-ref --format=%(refname)%00%(upstream:short)%00%(objectname)%00%(upstream:track)%00%(upstream:remotename)%00%(upstream:remoteref) refs/heads/main refs/remotes/main [1ms]
2023-12-21 14:07:38.895 [info] > git status -z -uall [27ms]
2023-12-21 14:21:57.789 [info] > git config --get commit.template [1ms]
2023-12-21 14:21:57.794 [info] > git for-each-ref --format=%(refname)%00%(upstream:short)%00%(objectname)%00%(upstream:track)%00%(upstream:remotename)%00%(upstream:remoteref) refs/heads/main refs/remotes/main [1ms]
2023-12-21 14:21:57.827 [info] > git status -z -uall [28ms]
2023-12-21 14:21:58.743 [info] > git fetch [961ms]
2023-12-21 14:21:58.743 [info] Missing or invalid credentials.
Skip silent fetch commands
git@github.com: Permission denied (publickey).
fatal: Could not read from remote repository.

Please make sure you have the correct access rights
and the repository exists.
2023-12-21 14:21:58.747 [info] > git config --get commit.template [1ms]
2023-12-21 14:21:58.751 [info] > git for-each-ref --format=%(refname)%00%(upstream:short)%00%(objectname)%00%(upstream:track)%00%(upstream:remotename)%00%(upstream:remoteref) refs/heads/main refs/remotes/main [1ms]
2023-12-21 14:21:58.780 [info] > git status -z -uall [27ms]
2023-12-21 14:21:59.095 [info] > git ls-files --stage -- /home/dew/FSDI_111/README.md [2ms]
2023-12-21 14:21:59.098 [info] > git cat-file -s e69de29bb2d1d6434b8b29ae775ad8c2e48c5391 [1ms]
2023-12-21 14:21:59.106 [info] > git show --textconv :FSDI_111/README.md [1ms]
2023-12-21 14:22:02.835 [info] > git config --get commit.template [1ms]
2023-12-21 14:22:02.839 [info] > git for-each-ref --format=%(refname)%00%(upstream:short)%00%(objectname)%00%(upstream:track)%00%(upstream:remotename)%00%(upstream:remoteref) refs/heads/main refs/remotes/main [1ms]
2023-12-21 14:22:02.870 [info] > git status -z -uall [28ms]
2023-12-21 14:22:07.882 [info] > git config --get commit.template [3ms]
2023-12-21 14:22:07.882 [info] > git for-each-ref --format=%(refname)%00%(upstream:short)%00%(objectname)%00%(upstream:track)%00%(upstream:remotename)%00%(upstream:remoteref) refs/heads/main refs/remotes/main [1ms]
2023-12-21 14:22:07.913 [info] > git status -z -uall [28ms]
2023-12-21 14:22:12.928 [info] > git config --get commit.template [5ms]
2023-12-21 14:22:12.929 [info] > git for-each-ref --format=%(refname)%00%(upstream:short)%00%(objectname)%00%(upstream:track)%00%(upstream:remotename)%00%(upstream:remoteref) refs/heads/main refs/remotes/main [1ms]
2023-12-21 14:22:12.961 [info] > git status -z -uall [28ms]
