2023-12-20 17:39:18.747 [info] Log level: Info
2023-12-20 17:39:18.747 [info] Validating found git in: "git"
2023-12-20 17:39:18.747 [info] Using git "2.34.1" from "git"
2023-12-20 17:39:18.747 [info] > git rev-parse --show-toplevel [19ms]
2023-12-20 17:39:18.747 [info] > git rev-parse --git-dir --git-common-dir [1ms]
2023-12-20 17:39:18.747 [info] Open repository: /home/dew/Code/SDGKU/FSDI_111
2023-12-20 17:39:18.747 [info] > git fetch [22ms]
2023-12-20 17:39:18.757 [info] > git rev-parse --show-toplevel [16ms]
2023-12-20 17:39:18.758 [info] > git config --get commit.template [23ms]
2023-12-20 17:39:18.765 [info] > git config --get commit.template [10ms]
2023-12-20 17:39:18.772 [info] No remotes found in the git config file.
2023-12-20 17:39:18.772 [info] > git rev-parse --show-toplevel [8ms]
2023-12-20 17:39:18.779 [info] No remotes found in the git config file.
2023-12-20 17:39:18.779 [info] > git for-each-ref --format=%(refname)%00%(upstream:short)%00%(objectname)%00%(upstream:track)%00%(upstream:remotename)%00%(upstream:remoteref) refs/heads/master refs/remotes/master [8ms]
2023-12-20 17:39:18.796 [info] > git for-each-ref --format=%(refname)%00%(upstream:short)%00%(objectname)%00%(upstream:track)%00%(upstream:remotename)%00%(upstream:remoteref) refs/heads/master refs/remotes/master [16ms]
2023-12-20 17:39:18.798 [info] > git config --get commit.template [2ms]
2023-12-20 17:39:18.798 [info] > git rev-parse --show-toplevel [10ms]
2023-12-20 17:39:18.806 [info] No remotes found in the git config file.
2023-12-20 17:39:18.809 [info] > git for-each-ref --format=%(refname)%00%(upstream:short)%00%(objectname)%00%(upstream:track)%00%(upstream:remotename)%00%(upstream:remoteref) refs/heads/master refs/remotes/master [4ms]
2023-12-20 17:39:18.818 [info] > git status -z -uall [4ms]
2023-12-20 17:39:19.049 [info] > git show --textconv :app/routes.py [9ms]
2023-12-20 17:39:19.049 [info] > git ls-files --stage -- /home/dew/Code/SDGKU/FSDI_111/app/routes.py [1ms]
2023-12-20 17:39:19.059 [info] > git cat-file -s 2ce826b3a10da84767624be8737bb6a9d1e466dd [2ms]
2023-12-20 17:39:19.265 [info] > git check-ignore -v -z --stdin [1ms]
2023-12-20 17:39:19.929 [info] > git ls-files --stage -- /home/dew/Code/SDGKU/FSDI_111/app/routes.py [1ms]
2023-12-20 17:39:19.936 [info] > git cat-file -s 2ce826b3a10da84767624be8737bb6a9d1e466dd [1ms]
2023-12-20 17:39:19.946 [info] > git show --textconv :app/routes.py [1ms]
2023-12-20 17:39:38.250 [info] > git check-ignore -v -z --stdin [1ms]
2023-12-20 17:39:51.267 [info] > git show --textconv :app/--init--.py [9ms]
2023-12-20 17:39:51.268 [info] > git ls-files --stage -- /home/dew/Code/SDGKU/FSDI_111/app/--init--.py [2ms]
2023-12-20 17:39:51.273 [info] > git cat-file -s e69de29bb2d1d6434b8b29ae775ad8c2e48c5391 [1ms]
2023-12-20 17:39:55.311 [info] > git show --textconv :app/routes.py [5ms]
2023-12-20 17:39:55.312 [info] > git ls-files --stage -- /home/dew/Code/SDGKU/FSDI_111/app/routes.py [1ms]
2023-12-20 17:39:55.318 [info] > git cat-file -s 2ce826b3a10da84767624be8737bb6a9d1e466dd [1ms]
2023-12-20 17:39:56.998 [info] > git show --textconv :app/--init--.py [6ms]
2023-12-20 17:39:56.998 [info] > git ls-files --stage -- /home/dew/Code/SDGKU/FSDI_111/app/--init--.py [1ms]
2023-12-20 17:39:57.004 [info] > git cat-file -s e69de29bb2d1d6434b8b29ae775ad8c2e48c5391 [0ms]
2023-12-20 17:40:00.620 [info] > git show --textconv :app/routes.py [5ms]
2023-12-20 17:40:00.621 [info] > git ls-files --stage -- /home/dew/Code/SDGKU/FSDI_111/app/routes.py [1ms]
2023-12-20 17:40:00.626 [info] > git cat-file -s 2ce826b3a10da84767624be8737bb6a9d1e466dd [1ms]
2023-12-20 17:40:00.925 [info] > git check-ignore -v -z --stdin [0ms]
2023-12-20 17:40:01.517 [info] > git config --get commit.template [2ms]
2023-12-20 17:40:01.530 [info] No remotes found in the git config file.
2023-12-20 17:40:01.530 [info] > git for-each-ref --format=%(refname)%00%(upstream:short)%00%(objectname)%00%(upstream:track)%00%(upstream:remotename)%00%(upstream:remoteref) refs/heads/master refs/remotes/master [1ms]
2023-12-20 17:40:01.549 [info] > git status -z -uall [7ms]
2023-12-20 17:40:05.878 [info] > git check-ignore -v -z --stdin [1ms]
2023-12-20 17:41:55.703 [info] > git config --get commit.template [7ms]
2023-12-20 17:41:55.704 [info] No remotes found in the git config file.
2023-12-20 17:41:55.704 [info] > git for-each-ref --format=%(refname)%00%(upstream:short)%00%(objectname)%00%(upstream:track)%00%(upstream:remotename)%00%(upstream:remoteref) refs/heads/master refs/remotes/master [1ms]
2023-12-20 17:41:55.714 [info] > git status -z -uall [4ms]
2023-12-20 17:41:55.726 [info] > git ls-files --stage -- /home/dew/Code/SDGKU/FSDI_111/app/routes.py [1ms]
2023-12-20 17:41:55.733 [info] > git cat-file -s 2ce826b3a10da84767624be8737bb6a9d1e466dd [1ms]
2023-12-20 17:41:55.746 [info] > git show --textconv :app/routes.py [1ms]
2023-12-20 17:42:00.725 [info] > git config --get commit.template [1ms]
2023-12-20 17:42:00.731 [info] No remotes found in the git config file.
2023-12-20 17:42:00.731 [info] > git for-each-ref --format=%(refname)%00%(upstream:short)%00%(objectname)%00%(upstream:track)%00%(upstream:remotename)%00%(upstream:remoteref) refs/heads/master refs/remotes/master [0ms]
2023-12-20 17:42:00.741 [info] > git status -z -uall [2ms]
2023-12-20 17:43:12.037 [info] > git fetch [2ms]
2023-12-20 17:43:12.046 [info] > git config --get commit.template [0ms]
2023-12-20 17:43:12.051 [info] No remotes found in the git config file.
2023-12-20 17:43:12.052 [info] > git for-each-ref --format=%(refname)%00%(upstream:short)%00%(objectname)%00%(upstream:track)%00%(upstream:remotename)%00%(upstream:remoteref) refs/heads/master refs/remotes/master [1ms]
2023-12-20 17:43:12.061 [info] > git status -z -uall [3ms]
2023-12-20 17:43:13.137 [info] > git config --get commit.template [0ms]
2023-12-20 17:43:13.144 [info] No remotes found in the git config file.
2023-12-20 17:43:13.145 [info] > git for-each-ref --format=%(refname)%00%(upstream:short)%00%(objectname)%00%(upstream:track)%00%(upstream:remotename)%00%(upstream:remoteref) refs/heads/master refs/remotes/master [1ms]
2023-12-20 17:43:13.153 [info] > git status -z -uall [3ms]
2023-12-20 17:43:13.236 [info] > git ls-files --stage -- /home/dew/Code/SDGKU/FSDI_111/app/routes.py [1ms]
2023-12-20 17:43:13.243 [info] > git cat-file -s 2ce826b3a10da84767624be8737bb6a9d1e466dd [0ms]
2023-12-20 17:43:13.254 [info] > git show --textconv :app/routes.py [1ms]
2023-12-20 17:52:16.001 [info] > git fetch [3ms]
2023-12-20 17:52:16.016 [info] > git config --get commit.template [6ms]
2023-12-20 17:52:16.016 [info] No remotes found in the git config file.
2023-12-20 17:52:16.017 [info] > git for-each-ref --format=%(refname)%00%(upstream:short)%00%(objectname)%00%(upstream:track)%00%(upstream:remotename)%00%(upstream:remoteref) refs/heads/master refs/remotes/master [1ms]
2023-12-20 17:52:16.030 [info] > git status -z -uall [3ms]
2023-12-20 17:52:17.098 [info] > git config --get commit.template [1ms]
2023-12-20 17:52:17.108 [info] No remotes found in the git config file.
2023-12-20 17:52:17.109 [info] > git for-each-ref --format=%(refname)%00%(upstream:short)%00%(objectname)%00%(upstream:track)%00%(upstream:remotename)%00%(upstream:remoteref) refs/heads/master refs/remotes/master [0ms]
2023-12-20 17:52:17.121 [info] > git status -z -uall [3ms]
2023-12-20 17:52:17.269 [info] > git ls-files --stage -- /home/dew/Code/SDGKU/FSDI_111/app/routes.py [1ms]
2023-12-20 17:52:17.289 [info] > git cat-file -s 2ce826b3a10da84767624be8737bb6a9d1e466dd [0ms]
2023-12-20 17:52:17.303 [info] > git show --textconv :app/routes.py [1ms]
