2023-12-19 09:24:27.522 [info] Log level: Info
2023-12-19 09:24:27.522 [info] Validating found git in: "git"
2023-12-19 09:24:27.522 [info] Using git "2.34.1" from "git"
2023-12-19 09:24:27.522 [info] > git rev-parse --show-toplevel [19ms]
2023-12-19 09:24:27.522 [info] > git rev-parse --git-dir --git-common-dir [52ms]
2023-12-19 09:24:27.522 [info] Open repository: /home/dew/Code/SDGKU/FSDI_111
2023-12-19 09:24:27.522 [info] > git fetch [10ms]
2023-12-19 09:24:27.532 [info] > git rev-parse --show-toplevel [12ms]
2023-12-19 09:24:27.533 [info] > git config --get commit.template [16ms]
2023-12-19 09:24:27.539 [info] > git config --get commit.template [7ms]
2023-12-19 09:24:27.542 [info] No remotes found in the git config file.
2023-12-19 09:24:27.543 [info] > git rev-parse --show-toplevel [6ms]
2023-12-19 09:24:27.548 [info] No remotes found in the git config file.
2023-12-19 09:24:27.548 [info] > git for-each-ref --format=%(refname)%00%(upstream:short)%00%(objectname)%00%(upstream:track)%00%(upstream:remotename)%00%(upstream:remoteref) refs/heads/master refs/remotes/master [6ms]
2023-12-19 09:24:27.778 [info] > git for-each-ref --format=%(refname)%00%(upstream:short)%00%(objectname)%00%(upstream:track)%00%(upstream:remotename)%00%(upstream:remoteref) refs/heads/master refs/remotes/master [231ms]
2023-12-19 09:24:27.780 [info] > git config --get commit.template [4ms]
2023-12-19 09:24:27.783 [info] No remotes found in the git config file.
2023-12-19 09:24:27.799 [info] > git show --textconv :run_local.sh [8ms]
2023-12-19 09:24:27.800 [info] > git ls-files --stage -- /home/dew/Code/SDGKU/FSDI_111/run_local.sh [4ms]
2023-12-19 09:24:27.801 [info] > git for-each-ref --format=%(refname)%00%(upstream:short)%00%(objectname)%00%(upstream:track)%00%(upstream:remotename)%00%(upstream:remoteref) refs/heads/master refs/remotes/master [18ms]
2023-12-19 09:24:27.810 [info] > git status -z -uall [5ms]
2023-12-19 09:24:28.064 [info] > git check-ignore -v -z --stdin [1ms]
2023-12-19 09:24:28.891 [info] > git ls-files --stage -- /home/dew/Code/SDGKU/FSDI_111/run_local.sh [1ms]
2023-12-19 09:24:28.898 [info] > git show --textconv :run_local.sh [1ms]
2023-12-19 09:24:31.763 [info] > git check-ignore -v -z --stdin [3ms]
2023-12-19 09:24:38.628 [info] > git show --textconv :app/routes.py [5ms]
2023-12-19 09:24:38.629 [info] > git ls-files --stage -- /home/dew/Code/SDGKU/FSDI_111/app/routes.py [2ms]
2023-12-19 09:24:42.861 [info] > git show --textconv :run_local.sh [8ms]
2023-12-19 09:24:42.861 [info] > git ls-files --stage -- /home/dew/Code/SDGKU/FSDI_111/run_local.sh [1ms]
2023-12-19 09:38:56.002 [info] > git fetch [5ms]
2023-12-19 09:38:56.012 [info] > git config --get commit.template [10ms]
2023-12-19 09:38:56.015 [info] No remotes found in the git config file.
2023-12-19 09:38:56.017 [info] > git ls-files --stage -- /home/dew/Code/SDGKU/FSDI_111/run_local.sh [5ms]
2023-12-19 09:38:56.020 [info] > git config --get commit.template [13ms]
2023-12-19 09:38:56.020 [info] > git cat-file -s 5fc798dc257bbc0695b0cdce2ed2c795bc888fa3 [1ms]
2023-12-19 09:38:56.021 [info] > git for-each-ref --format=%(refname)%00%(upstream:short)%00%(objectname)%00%(upstream:track)%00%(upstream:remotename)%00%(upstream:remoteref) refs/heads/master refs/remotes/master [6ms]
2023-12-19 09:38:56.024 [info] No remotes found in the git config file.
2023-12-19 09:38:56.025 [info] > git for-each-ref --format=%(refname)%00%(upstream:short)%00%(objectname)%00%(upstream:track)%00%(upstream:remotename)%00%(upstream:remoteref) refs/heads/master refs/remotes/master [1ms]
2023-12-19 09:38:56.033 [info] > git status -z -uall [5ms]
2023-12-19 09:38:56.042 [info] > git show --textconv :run_local.sh [10ms]
2023-12-19 09:38:57.232 [info] > git ls-files --stage -- /home/dew/Code/SDGKU/FSDI_111/run_local.sh [1ms]
2023-12-19 09:38:57.238 [info] > git cat-file -s 5fc798dc257bbc0695b0cdce2ed2c795bc888fa3 [1ms]
2023-12-19 09:38:57.247 [info] > git show --textconv :run_local.sh [1ms]
2023-12-19 09:39:01.035 [info] > git config --get commit.template [1ms]
2023-12-19 09:39:01.039 [info] No remotes found in the git config file.
2023-12-19 09:39:01.039 [info] > git for-each-ref --format=%(refname)%00%(upstream:short)%00%(objectname)%00%(upstream:track)%00%(upstream:remotename)%00%(upstream:remoteref) refs/heads/master refs/remotes/master [1ms]
2023-12-19 09:39:01.047 [info] > git status -z -uall [5ms]
2023-12-19 09:39:19.212 [info] > git show --textconv :app/routes.py [3ms]
2023-12-19 09:39:19.213 [info] > git ls-files --stage -- /home/dew/Code/SDGKU/FSDI_111/app/routes.py [1ms]
2023-12-19 09:39:19.217 [info] > git cat-file -s 2ce826b3a10da84767624be8737bb6a9d1e466dd [1ms]
2023-12-19 09:41:07.840 [info] > git show --textconv :app/--init--.py [4ms]
2023-12-19 09:41:07.840 [info] > git ls-files --stage -- /home/dew/Code/SDGKU/FSDI_111/app/--init--.py [1ms]
2023-12-19 09:41:07.844 [info] > git cat-file -s e69de29bb2d1d6434b8b29ae775ad8c2e48c5391 [1ms]
2023-12-19 09:41:09.212 [info] > git show --textconv :app/__init__.py [3ms]
2023-12-19 09:41:09.213 [info] > git ls-files --stage -- /home/dew/Code/SDGKU/FSDI_111/app/__init__.py [0ms]
2023-12-19 09:41:09.215 [info] > git cat-file -s e69de29bb2d1d6434b8b29ae775ad8c2e48c5391 [0ms]
2023-12-19 09:42:35.094 [info] > git fetch [6ms]
2023-12-19 09:42:35.099 [info] > git config --get commit.template [1ms]
2023-12-19 09:42:35.099 [info] No remotes found in the git config file.
2023-12-19 09:42:35.103 [info] > git for-each-ref --format=%(refname)%00%(upstream:short)%00%(objectname)%00%(upstream:track)%00%(upstream:remotename)%00%(upstream:remoteref) refs/heads/master refs/remotes/master [1ms]
2023-12-19 09:42:35.109 [info] > git status -z -uall [3ms]
2023-12-19 09:42:35.493 [info] > git show --textconv :requirements.txt [5ms]
2023-12-19 09:42:35.493 [info] > git ls-files --stage -- /home/dew/Code/SDGKU/FSDI_111/requirements.txt [1ms]
2023-12-19 09:42:35.497 [info] > git cat-file -s d253e217bc6dded9c46fefbffa8b3cf532b359eb [1ms]
2023-12-19 09:42:36.179 [info] No remotes found in the git config file.
2023-12-19 09:42:36.179 [info] > git config --get commit.template [5ms]
2023-12-19 09:42:36.179 [info] > git for-each-ref --format=%(refname)%00%(upstream:short)%00%(objectname)%00%(upstream:track)%00%(upstream:remotename)%00%(upstream:remoteref) refs/heads/master refs/remotes/master [0ms]
2023-12-19 09:42:36.185 [info] > git status -z -uall [3ms]
2023-12-19 09:42:36.281 [info] > git ls-files --stage -- /home/dew/Code/SDGKU/FSDI_111/requirements.txt [1ms]
2023-12-19 09:42:36.285 [info] > git cat-file -s d253e217bc6dded9c46fefbffa8b3cf532b359eb [0ms]
2023-12-19 09:42:36.311 [info] > git show --textconv :requirements.txt [1ms]
2023-12-19 09:46:38.367 [info] > git fetch [2ms]
2023-12-19 09:46:38.376 [info] No remotes found in the git config file.
2023-12-19 09:46:38.377 [info] > git config --get commit.template [5ms]
2023-12-19 09:46:38.377 [info] > git for-each-ref --format=%(refname)%00%(upstream:short)%00%(objectname)%00%(upstream:track)%00%(upstream:remotename)%00%(upstream:remoteref) refs/heads/master refs/remotes/master [1ms]
2023-12-19 09:46:38.384 [info] > git status -z -uall [3ms]
2023-12-19 09:46:38.756 [info] > git show --textconv :run_local.sh [4ms]
2023-12-19 09:46:38.756 [info] > git ls-files --stage -- /home/dew/Code/SDGKU/FSDI_111/run_local.sh [0ms]
2023-12-19 09:46:38.760 [info] > git cat-file -s 5fc798dc257bbc0695b0cdce2ed2c795bc888fa3 [1ms]
2023-12-19 09:46:39.459 [info] No remotes found in the git config file.
2023-12-19 09:46:39.460 [info] > git for-each-ref --format=%(refname)%00%(upstream:short)%00%(objectname)%00%(upstream:track)%00%(upstream:remotename)%00%(upstream:remoteref) refs/heads/master refs/remotes/master [1ms]
2023-12-19 09:46:39.460 [info] > git config --get commit.template [5ms]
2023-12-19 09:46:39.466 [info] > git status -z -uall [3ms]
2023-12-19 09:46:39.557 [info] > git ls-files --stage -- /home/dew/Code/SDGKU/FSDI_111/run_local.sh [1ms]
2023-12-19 09:46:39.561 [info] > git cat-file -s 5fc798dc257bbc0695b0cdce2ed2c795bc888fa3 [0ms]
2023-12-19 09:46:39.568 [info] > git show --textconv :run_local.sh [0ms]
2023-12-19 09:49:18.754 [info] > git show --textconv :app/routes.py [3ms]
2023-12-19 09:49:18.755 [info] > git ls-files --stage -- /home/dew/Code/SDGKU/FSDI_111/app/routes.py [2ms]
2023-12-19 09:49:18.759 [info] > git cat-file -s 2ce826b3a10da84767624be8737bb6a9d1e466dd [1ms]
2023-12-19 09:49:40.315 [info] > git fetch [3ms]
2023-12-19 09:49:40.322 [info] No remotes found in the git config file.
2023-12-19 09:49:40.323 [info] > git config --get commit.template [3ms]
2023-12-19 09:49:40.323 [info] > git for-each-ref --format=%(refname)%00%(upstream:short)%00%(objectname)%00%(upstream:track)%00%(upstream:remotename)%00%(upstream:remoteref) refs/heads/master refs/remotes/master [1ms]
2023-12-19 09:49:40.329 [info] > git status -z -uall [4ms]
2023-12-19 09:49:40.527 [info] > git show --textconv :requirements.txt [4ms]
2023-12-19 09:49:40.529 [info] > git ls-files --stage -- /home/dew/Code/SDGKU/FSDI_111/requirements.txt [1ms]
2023-12-19 09:49:40.532 [info] > git cat-file -s d253e217bc6dded9c46fefbffa8b3cf532b359eb [1ms]
2023-12-19 09:49:41.403 [info] > git config --get commit.template [0ms]
2023-12-19 09:49:41.406 [info] No remotes found in the git config file.
2023-12-19 09:49:41.406 [info] > git for-each-ref --format=%(refname)%00%(upstream:short)%00%(objectname)%00%(upstream:track)%00%(upstream:remotename)%00%(upstream:remoteref) refs/heads/master refs/remotes/master [1ms]
2023-12-19 09:49:41.412 [info] > git status -z -uall [3ms]
2023-12-19 09:49:41.506 [info] > git ls-files --stage -- /home/dew/Code/SDGKU/FSDI_111/requirements.txt [1ms]
2023-12-19 09:49:41.510 [info] > git cat-file -s d253e217bc6dded9c46fefbffa8b3cf532b359eb [1ms]
2023-12-19 09:49:41.516 [info] > git show --textconv :requirements.txt [1ms]
2023-12-19 09:49:43.247 [info] > git show --textconv :app/routes.py [3ms]
2023-12-19 09:49:43.248 [info] > git ls-files --stage -- /home/dew/Code/SDGKU/FSDI_111/app/routes.py [1ms]
2023-12-19 09:49:43.251 [info] > git cat-file -s 2ce826b3a10da84767624be8737bb6a9d1e466dd [1ms]
2023-12-19 09:49:45.411 [info] > git show --textconv :run_local.sh [6ms]
2023-12-19 09:49:45.412 [info] > git ls-files --stage -- /home/dew/Code/SDGKU/FSDI_111/run_local.sh [2ms]
2023-12-19 09:49:45.415 [info] > git cat-file -s 5fc798dc257bbc0695b0cdce2ed2c795bc888fa3 [0ms]
2023-12-19 09:50:05.078 [info] > git check-ignore -v -z --stdin [1ms]
2023-12-19 09:50:07.943 [info] > git show --textconv :app/__init__.py [4ms]
2023-12-19 09:50:07.943 [info] > git ls-files --stage -- /home/dew/Code/SDGKU/FSDI_111/app/__init__.py [1ms]
2023-12-19 09:50:07.946 [info] > git cat-file -s e69de29bb2d1d6434b8b29ae775ad8c2e48c5391 [1ms]
2023-12-19 09:50:10.133 [info] > git show --textconv :app/--init--.py [3ms]
2023-12-19 09:50:10.133 [info] > git ls-files --stage -- /home/dew/Code/SDGKU/FSDI_111/app/--init--.py [0ms]
2023-12-19 09:50:10.137 [info] > git cat-file -s e69de29bb2d1d6434b8b29ae775ad8c2e48c5391 [1ms]
2023-12-19 09:50:11.190 [info] > git show --textconv :app/routes.py [5ms]
2023-12-19 09:50:11.190 [info] > git ls-files --stage -- /home/dew/Code/SDGKU/FSDI_111/app/routes.py [1ms]
2023-12-19 09:50:11.194 [info] > git cat-file -s 2ce826b3a10da84767624be8737bb6a9d1e466dd [1ms]
2023-12-19 09:50:14.601 [info] > git check-ignore -v -z --stdin [1ms]
2023-12-19 09:59:31.193 [info] > git fetch [3ms]
2023-12-19 09:59:31.205 [info] No remotes found in the git config file.
2023-12-19 09:59:31.205 [info] > git config --get commit.template [5ms]
2023-12-19 09:59:31.206 [info] > git for-each-ref --format=%(refname)%00%(upstream:short)%00%(objectname)%00%(upstream:track)%00%(upstream:remotename)%00%(upstream:remoteref) refs/heads/master refs/remotes/master [1ms]
2023-12-19 09:59:31.213 [info] > git status -z -uall [3ms]
2023-12-19 09:59:32.277 [info] > git config --get commit.template [1ms]
2023-12-19 09:59:32.280 [info] No remotes found in the git config file.
2023-12-19 09:59:32.281 [info] > git for-each-ref --format=%(refname)%00%(upstream:short)%00%(objectname)%00%(upstream:track)%00%(upstream:remotename)%00%(upstream:remoteref) refs/heads/master refs/remotes/master [1ms]
2023-12-19 09:59:32.286 [info] > git status -z -uall [3ms]
2023-12-19 09:59:32.384 [info] > git ls-files --stage -- /home/dew/Code/SDGKU/FSDI_111/app/routes.py [1ms]
2023-12-19 09:59:32.388 [info] > git cat-file -s 2ce826b3a10da84767624be8737bb6a9d1e466dd [0ms]
2023-12-19 09:59:32.397 [info] > git show --textconv :app/routes.py [2ms]
2023-12-19 10:03:59.624 [info] > git fetch [2ms]
2023-12-19 10:03:59.629 [info] > git config --get commit.template [0ms]
2023-12-19 10:03:59.632 [info] No remotes found in the git config file.
2023-12-19 10:03:59.632 [info] > git for-each-ref --format=%(refname)%00%(upstream:short)%00%(objectname)%00%(upstream:track)%00%(upstream:remotename)%00%(upstream:remoteref) refs/heads/master refs/remotes/master [1ms]
2023-12-19 10:03:59.639 [info] > git status -z -uall [4ms]
2023-12-19 10:04:00.709 [info] > git config --get commit.template [1ms]
2023-12-19 10:04:00.712 [info] No remotes found in the git config file.
2023-12-19 10:04:00.712 [info] > git for-each-ref --format=%(refname)%00%(upstream:short)%00%(objectname)%00%(upstream:track)%00%(upstream:remotename)%00%(upstream:remoteref) refs/heads/master refs/remotes/master [0ms]
2023-12-19 10:04:00.718 [info] > git status -z -uall [3ms]
2023-12-19 10:04:00.815 [info] > git ls-files --stage -- /home/dew/Code/SDGKU/FSDI_111/app/routes.py [0ms]
2023-12-19 10:04:00.818 [info] > git cat-file -s 2ce826b3a10da84767624be8737bb6a9d1e466dd [0ms]
2023-12-19 10:04:00.825 [info] > git show --textconv :app/routes.py [1ms]
