2023-12-20 17:52:36.493 [info] Log level: Info
2023-12-20 17:52:36.493 [info] Validating found git in: "git"
2023-12-20 17:52:36.493 [info] Using git "2.34.1" from "git"
2023-12-20 17:52:36.493 [info] > git rev-parse --show-toplevel [2ms]
2023-12-20 17:52:44.990 [info] > git rev-parse --show-toplevel [0ms]
2023-12-20 17:52:44.998 [info] > git rev-parse --git-dir --git-common-dir [1ms]
2023-12-20 17:52:45.009 [info] Open repository: /home/dew
2023-12-20 17:52:45.018 [info] > git config --get commit.template [1ms]
2023-12-20 17:52:45.026 [info] > git for-each-ref --format=%(refname)%00%(upstream:short)%00%(objectname)%00%(upstream:track)%00%(upstream:remotename)%00%(upstream:remoteref) refs/heads/main refs/remotes/main [1ms]
2023-12-20 17:52:45.079 [info] > git status -z -uall [46ms] (cancelled)
2023-12-20 17:52:45.748 [info] > git fetch [739ms]
2023-12-20 17:52:45.748 [info] Missing or invalid credentials.
Skip silent fetch commands
git@github.com: Permission denied (publickey).
fatal: Could not read from remote repository.

Please make sure you have the correct access rights
and the repository exists.
2023-12-20 17:52:45.758 [info] > git config --get commit.template [4ms]
2023-12-20 17:52:45.758 [info] > git for-each-ref --format=%(refname)%00%(upstream:short)%00%(objectname)%00%(upstream:track)%00%(upstream:remotename)%00%(upstream:remoteref) refs/heads/main refs/remotes/main [0ms]
2023-12-20 17:52:45.818 [info] > git status -z -uall [43ms] (cancelled)
2023-12-20 17:52:45.923 [info] > git config --get commit.template [1ms]
2023-12-20 17:52:45.935 [info] > git for-each-ref --format=%(refname)%00%(upstream:short)%00%(objectname)%00%(upstream:track)%00%(upstream:remotename)%00%(upstream:remoteref) refs/heads/main refs/remotes/main [6ms]
2023-12-20 17:52:46.515 [info] > git status -z -uall [572ms] (cancelled)
