2023-12-21 17:28:54.385 [info] Experiment 'pythonRecommendTensorboardExt' is active
2023-12-21 17:28:54.385 [info] Experiment 'pythonREPLSmartSend' is active
2023-12-21 17:28:54.385 [info] Experiment 'pythonTestAdapter' is active
2023-12-21 17:28:54.385 [info] Default formatter is set to null for workspace /home/dew/Code/SDGKU/task_mgr
2023-12-21 17:28:54.385 [info] Test server listening.
2023-12-21 17:28:54.411 [warning] Retry failed, storage update failed for key PYTHON_GLOBAL_STORAGE_KEYS
2023-12-21 17:28:54.411 [warning] Retry failed, storage update failed for key PYTHON_WORKSPACE_STORAGE_KEYS
2023-12-21 17:28:54.411 [warning] Retry failed, storage update failed for key PYTHON_WORKSPACE_STORAGE_KEYS
2023-12-21 17:28:54.411 [warning] Retry failed, storage update failed for key PYTHON_WORKSPACE_STORAGE_KEYS
2023-12-21 17:28:54.432 [info] > C:\Users\ericw\AppData\Local\Programs\Python\Python312\python.exe -I ~/.vscode-server/extensions/ms-python.python-2023.22.1/pythonFiles/get_output_via_markers.py ~/.vscode-server/extensions/ms-python.python-2023.22.1/pythonFiles/interpreterInfo.py
2023-12-21 17:28:54.451 [info] > ./venv/bin/python -I ~/.vscode-server/extensions/ms-python.python-2023.22.1/pythonFiles/get_output_via_markers.py ~/.vscode-server/extensions/ms-python.python-2023.22.1/pythonFiles/interpreterInfo.py
2023-12-21 17:28:54.469 [error] [Error: Command failed: C:\Users\ericw\AppData\Local\Programs\Python\Python312\python.exe -I /home/dew/.vscode-server/extensions/ms-python.python-2023.22.1/pythonFiles/get_output_via_markers.py /home/dew/.vscode-server/extensions/ms-python.python-2023.22.1/pythonFiles/interpreterInfo.py
/bin/sh: 1: C:UsersericwAppDataLocalProgramsPythonPython312python.exe: not found

	at ChildProcess.exithandler (node:child_process:420:12)
	at ChildProcess.emit (node:events:525:35)
	at maybeClose (node:internal/child_process:1091:16)
	at Socket.<anonymous> (node:internal/child_process:449:11)
	at Socket.emit (node:events:513:28)
	at Pipe.<anonymous> (node:net:322:12)] {
  code: 127,
  killed: false,
  signal: null,
  cmd: 'C:\\Users\\ericw\\AppData\\Local\\Programs\\Python\\Python312\\python.exe -I /home/dew/.vscode-server/extensions/ms-python.python-2023.22.1/pythonFiles/get_output_via_markers.py /home/dew/.vscode-server/extensions/ms-python.python-2023.22.1/pythonFiles/interpreterInfo.py'
}
2023-12-21 17:28:56.475 [info] > C:\Users\ericw\AppData\Local\Programs\Python\Python312\python.exe -I ~/.vscode-server/extensions/ms-python.python-2023.22.1/pythonFiles/get_output_via_markers.py ~/.vscode-server/extensions/ms-python.python-2023.22.1/pythonFiles/interpreterInfo.py
2023-12-21 17:28:56.559 [error] [Error: Command failed: C:\Users\ericw\AppData\Local\Programs\Python\Python312\python.exe -I /home/dew/.vscode-server/extensions/ms-python.python-2023.22.1/pythonFiles/get_output_via_markers.py /home/dew/.vscode-server/extensions/ms-python.python-2023.22.1/pythonFiles/interpreterInfo.py
/bin/sh: 1: C:UsersericwAppDataLocalProgramsPythonPython312python.exe: not found

	at ChildProcess.exithandler (node:child_process:420:12)
	at ChildProcess.emit (node:events:525:35)
	at maybeClose (node:internal/child_process:1091:16)
	at ChildProcess._handle.onexit (node:internal/child_process:302:5)] {
  code: 127,
  killed: false,
  signal: null,
  cmd: 'C:\\Users\\ericw\\AppData\\Local\\Programs\\Python\\Python312\\python.exe -I /home/dew/.vscode-server/extensions/ms-python.python-2023.22.1/pythonFiles/get_output_via_markers.py /home/dew/.vscode-server/extensions/ms-python.python-2023.22.1/pythonFiles/interpreterInfo.py'
}
2023-12-21 17:28:56.569 [info] Python interpreter path: ./venv/bin/python
2023-12-21 17:28:57.519 [info] Starting Pylance language server.
2023-12-21 17:42:24.235 [info] Discover tests for workspace name: task_mgr - uri: /home/dew/Code/SDGKU/task_mgr/app/routes.py
2023-12-21 17:43:31.861 [info] Discover tests for workspace name: task_mgr - uri: /home/dew/Code/SDGKU/task_mgr/app/routes.py
2023-12-21 17:43:38.792 [info] Discover tests for workspace name: task_mgr - uri: /home/dew/Code/SDGKU/task_mgr/app/routes.py
2023-12-21 17:43:45.974 [info] Discover tests for workspace name: task_mgr - uri: /home/dew/Code/SDGKU/task_mgr/app/routes.py
2023-12-21 17:44:37.775 [info] Discover tests for workspace name: task_mgr - uri: /home/dew/Code/SDGKU/task_mgr/app/routes.py
2023-12-21 17:45:30.010 [info] Discover tests for workspace name: task_mgr - uri: /home/dew/Code/SDGKU/task_mgr/app/routes.py
2023-12-21 17:46:10.206 [info] Discover tests for workspace name: task_mgr - uri: /home/dew/Code/SDGKU/task_mgr/app/routes.py
2023-12-21 17:46:32.237 [info] Discover tests for workspace name: task_mgr - uri: /home/dew/Code/SDGKU/task_mgr/app/routes.py
2023-12-21 17:48:00.563 [info] Discover tests for workspace name: task_mgr - uri: /home/dew/Code/SDGKU/task_mgr/app/routes.py
2023-12-21 17:53:36.635 [info] Discover tests for workspace name: task_mgr - uri: /home/dew/Code/SDGKU/task_mgr/app/routes.py
2023-12-21 17:53:53.543 [info] Discover tests for workspace name: task_mgr - uri: /home/dew/Code/SDGKU/task_mgr/app/routes.py
2023-12-21 17:56:35.754 [info] Discover tests for workspace name: task_mgr - uri: /home/dew/Code/SDGKU/task_mgr/app/routes.py
2023-12-21 17:57:17.039 [info] Discover tests for workspace name: task_mgr - uri: /home/dew/Code/SDGKU/task_mgr/app/routes.py
2023-12-21 18:06:10.897 [info] Discover tests for workspace name: task_mgr - uri: /home/dew/Code/SDGKU/task_mgr/app/database/__init__.py
2023-12-21 18:07:01.264 [info] Discover tests for workspace name: task_mgr - uri: /home/dew/Code/SDGKU/task_mgr/app/database/__init__.py
2023-12-21 18:07:08.687 [info] Discover tests for workspace name: task_mgr - uri: /home/dew/Code/SDGKU/task_mgr/app/database/__init__.py
2023-12-21 18:07:39.782 [info] Discover tests for workspace name: task_mgr - uri: /home/dew/Code/SDGKU/task_mgr/app/database/__init__.py
2023-12-21 18:59:10.097 [info] Discover tests for workspace name: task_mgr - uri: /home/dew/Code/SDGKU/task_mgr/app/database/task.py
2023-12-21 19:03:33.235 [info] Discover tests for workspace name: task_mgr - uri: /home/dew/Code/SDGKU/task_mgr/app/database/task.py
2023-12-21 19:13:50.641 [info] Discover tests for workspace name: task_mgr - uri: /home/dew/Code/SDGKU/task_mgr/app/database/task.py
2023-12-21 19:14:31.292 [info] Discover tests for workspace name: task_mgr - uri: /home/dew/Code/SDGKU/task_mgr/app/database/task.py
2023-12-21 19:15:26.409 [info] Discover tests for workspace name: task_mgr - uri: /home/dew/Code/SDGKU/task_mgr/app/database/task.py
2023-12-21 19:17:47.307 [info] Discover tests for workspace name: task_mgr - uri: /home/dew/Code/SDGKU/task_mgr/app/database/task.py
2023-12-21 19:30:34.180 [info] Discover tests for workspace name: undefined - uri: c:/Users/ericw/AppData/Roaming/Code/User/settings.json
2023-12-21 19:32:07.823 [info] Discover tests for workspace name: task_mgr - uri: /home/dew/Code/SDGKU/task_mgr/app/routes.py
